# JRE version: Java(TM) SE Runtime Environment 18.9 (11.0.8+10) (build 11.0.8+10-LTS)
# Java VM: Java HotSpot(TM) 64-Bit Server VM 18.9 (11.0.8+10-LTS, mixed mode, tiered, compressed oops, parallel gc, windows-amd64)
Heap:
 PSYoungGen      total 29696K, used 20055K [0x00000000eab00000, 0x00000000ecf80000, 0x0000000100000000)
  eden space 25600K, 62% used [0x00000000eab00000,0x00000000ebaa5d00,0x00000000ec400000)
  from space 4096K, 98% used [0x00000000ecb80000,0x00000000ecf6ff10,0x00000000ecf80000)
  to   space 5632K, 0% used [0x00000000ec480000,0x00000000ec480000,0x00000000eca00000)
 ParOldGen       total 361984K, used 244312K [0x00000000c0000000, 0x00000000d6180000, 0x00000000eab00000)
  object space 361984K, 67% used [0x00000000c0000000,0x00000000cee96088,0x00000000d6180000)
 Metaspace       used 72855K, capacity 76191K, committed 76416K, reserved 1116160K
  class space    used 8507K, capacity 9762K, committed 9856K, reserved 1048576K
GC Heap History (10 events):
Event: 393.415 GC heap before
{Heap before GC invocations=168 (full 10):
 PSYoungGen      total 33280K, used 33124K [0x00000000eab00000, 0x00000000ed300000, 0x0000000100000000)
  eden space 25600K, 100% used [0x00000000eab00000,0x00000000ec400000,0x00000000ec400000)
  from space 7680K, 97% used [0x00000000ec400000,0x00000000ecb59388,0x00000000ecb80000)
  to   space 7680K, 0% used [0x00000000ecb80000,0x00000000ecb80000,0x00000000ed300000)
 ParOldGen       total 361984K, used 240786K [0x00000000c0000000, 0x00000000d6180000, 0x00000000eab00000)
  object space 361984K, 66% used [0x00000000c0000000,0x00000000ceb24868,0x00000000d6180000)
 Metaspace       used 72837K, capacity 76127K, committed 76416K, reserved 1116160K
  class space    used 8506K, capacity 9762K, committed 9856K, reserved 1048576K
}
Event: 393.420 GC heap after
{Heap after GC invocations=168 (full 10):
 PSYoungGen      total 33280K, used 7498K [0x00000000eab00000, 0x00000000ed300000, 0x0000000100000000)
  eden space 25600K, 0% used [0x00000000eab00000,0x00000000eab00000,0x00000000ec400000)
  from space 7680K, 97% used [0x00000000ecb80000,0x00000000ed2d2ad0,0x00000000ed300000)
  to   space 7680K, 0% used [0x00000000ec400000,0x00000000ec400000,0x00000000ecb80000)
 ParOldGen       total 361984K, used 240786K [0x00000000c0000000, 0x00000000d6180000, 0x00000000eab00000)
  object space 361984K, 66% used [0x00000000c0000000,0x00000000ceb24868,0x00000000d6180000)
 Metaspace       used 72837K, capacity 76127K, committed 76416K, reserved 1116160K
  class space    used 8506K, capacity 9762K, committed 9856K, reserved 1048576K
}
Event: 400.111 GC heap before
{Heap before GC invocations=169 (full 10):
 PSYoungGen      total 33280K, used 33098K [0x00000000eab00000, 0x00000000ed300000, 0x0000000100000000)
  eden space 25600K, 100% used [0x00000000eab00000,0x00000000ec400000,0x00000000ec400000)
  from space 7680K, 97% used [0x00000000ecb80000,0x00000000ed2d2ad0,0x00000000ed300000)
  to   space 7680K, 0% used [0x00000000ec400000,0x00000000ec400000,0x00000000ecb80000)
 ParOldGen       total 361984K, used 240786K [0x00000000c0000000, 0x00000000d6180000, 0x00000000eab00000)
  object space 361984K, 66% used [0x00000000c0000000,0x00000000ceb24868,0x00000000d6180000)
 Metaspace       used 72837K, capacity 76127K, committed 76416K, reserved 1116160K
  class space    used 8506K, capacity 9762K, committed 9856K, reserved 1048576K
}
Event: 400.115 GC heap after
{Heap after GC invocations=169 (full 10):
 PSYoungGen      total 33280K, used 7563K [0x00000000eab00000, 0x00000000ed300000, 0x0000000100000000)
  eden space 25600K, 0% used [0x00000000eab00000,0x00000000eab00000,0x00000000ec400000)
  from space 7680K, 98% used [0x00000000ec400000,0x00000000ecb62f68,0x00000000ecb80000)
  to   space 7680K, 0% used [0x00000000ecb80000,0x00000000ecb80000,0x00000000ed300000)
 ParOldGen       total 361984K, used 240786K [0x00000000c0000000, 0x00000000d6180000, 0x00000000eab00000)
  object space 361984K, 66% used [0x00000000c0000000,0x00000000ceb24868,0x00000000d6180000)
 Metaspace       used 72837K, capacity 76127K, committed 76416K, reserved 1116160K
  class space    used 8506K, capacity 9762K, committed 9856K, reserved 1048576K
}
Event: 407.910 GC heap before
{Heap before GC invocations=170 (full 10):
 PSYoungGen      total 33280K, used 33163K [0x00000000eab00000, 0x00000000ed300000, 0x0000000100000000)
  eden space 25600K, 100% used [0x00000000eab00000,0x00000000ec400000,0x00000000ec400000)
  from space 7680K, 98% used [0x00000000ec400000,0x00000000ecb62f68,0x00000000ecb80000)
  to   space 7680K, 0% used [0x00000000ecb80000,0x00000000ecb80000,0x00000000ed300000)
 ParOldGen       total 361984K, used 240786K [0x00000000c0000000, 0x00000000d6180000, 0x00000000eab00000)
  object space 361984K, 66% used [0x00000000c0000000,0x00000000ceb24868,0x00000000d6180000)
 Metaspace       used 72851K, capacity 76191K, committed 76416K, reserved 1116160K
  class space    used 8507K, capacity 9762K, committed 9856K, reserved 1048576K
}
Event: 407.916 GC heap after
{Heap after GC invocations=170 (full 10):
 PSYoungGen      total 33280K, used 7608K [0x00000000eab00000, 0x00000000ed300000, 0x0000000100000000)
  eden space 25600K, 0% used [0x00000000eab00000,0x00000000eab00000,0x00000000ec400000)
  from space 7680K, 99% used [0x00000000ecb80000,0x00000000ed2ee380,0x00000000ed300000)
  to   space 7680K, 0% used [0x00000000ec400000,0x00000000ec400000,0x00000000ecb80000)
 ParOldGen       total 361984K, used 240786K [0x00000000c0000000, 0x00000000d6180000, 0x00000000eab00000)
  object space 361984K, 66% used [0x00000000c0000000,0x00000000ceb24868,0x00000000d6180000)
 Metaspace       used 72851K, capacity 76191K, committed 76416K, reserved 1116160K
  class space    used 8507K, capacity 9762K, committed 9856K, reserved 1048576K
}
Event: 415.361 GC heap before
{Heap before GC invocations=171 (full 10):
 PSYoungGen      total 33280K, used 33208K [0x00000000eab00000, 0x00000000ed300000, 0x0000000100000000)
  eden space 25600K, 100% used [0x00000000eab00000,0x00000000ec400000,0x00000000ec400000)
  from space 7680K, 99% used [0x00000000ecb80000,0x00000000ed2ee380,0x00000000ed300000)
  to   space 7680K, 0% used [0x00000000ec400000,0x00000000ec400000,0x00000000ecb80000)
 ParOldGen       total 361984K, used 240786K [0x00000000c0000000, 0x00000000d6180000, 0x00000000eab00000)
  object space 361984K, 66% used [0x00000000c0000000,0x00000000ceb24868,0x00000000d6180000)
 Metaspace       used 72851K, capacity 76191K, committed 76416K, reserved 1116160K
  class space    used 8507K, capacity 9762K, committed 9856K, reserved 1048576K
}
Event: 415.364 GC heap after
{Heap after GC invocations=171 (full 10):
 PSYoungGen      total 33280K, used 7557K [0x00000000eab00000, 0x00000000ed300000, 0x0000000100000000)
  eden space 25600K, 0% used [0x00000000eab00000,0x00000000eab00000,0x00000000ec400000)
  from space 7680K, 98% used [0x00000000ec400000,0x00000000ecb61590,0x00000000ecb80000)
  to   space 7680K, 0% used [0x00000000ecb80000,0x00000000ecb80000,0x00000000ed300000)
 ParOldGen       total 361984K, used 240786K [0x00000000c0000000, 0x00000000d6180000, 0x00000000eab00000)
  object space 361984K, 66% used [0x00000000c0000000,0x00000000ceb24868,0x00000000d6180000)
 Metaspace       used 72851K, capacity 76191K, committed 76416K, reserved 1116160K
  class space    used 8507K, capacity 9762K, committed 9856K, reserved 1048576K
}
Event: 421.403 GC heap before
{Heap before GC invocations=172 (full 10):
 PSYoungGen      total 33280K, used 33157K [0x00000000eab00000, 0x00000000ed300000, 0x0000000100000000)
  eden space 25600K, 100% used [0x00000000eab00000,0x00000000ec400000,0x00000000ec400000)
  from space 7680K, 98% used [0x00000000ec400000,0x00000000ecb61590,0x00000000ecb80000)
  to   space 7680K, 0% used [0x00000000ecb80000,0x00000000ecb80000,0x00000000ed300000)
 ParOldGen       total 361984K, used 240786K [0x00000000c0000000, 0x00000000d6180000, 0x00000000eab00000)
  object space 361984K, 66% used [0x00000000c0000000,0x00000000ceb24868,0x00000000d6180000)
 Metaspace       used 72852K, capacity 76191K, committed 76416K, reserved 1116160K
  class space    used 8507K, capacity 9762K, committed 9856K, reserved 1048576K
}
Event: 421.407 GC heap after
{Heap after GC invocations=172 (full 10):
 PSYoungGen      total 29696K, used 4031K [0x00000000eab00000, 0x00000000ecf80000, 0x0000000100000000)
  eden space 25600K, 0% used [0x00000000eab00000,0x00000000eab00000,0x00000000ec400000)
  from space 4096K, 98% used [0x00000000ecb80000,0x00000000ecf6ff10,0x00000000ecf80000)
  to   space 5632K, 0% used [0x00000000ec480000,0x00000000ec480000,0x00000000eca00000)
 ParOldGen       total 361984K, used 244312K [0x00000000c0000000, 0x00000000d6180000, 0x00000000eab00000)
  object space 361984K, 67% used [0x00000000c0000000,0x00000000cee96088,0x00000000d6180000)
 Metaspace       used 72852K, capacity 76191K, committed 76416K, reserved 1116160K
  class space    used 8507K, capacity 9762K, committed 9856K, reserved 1048576K
}

